<?xml version="1.0" encoding="UTF-8"?>
<testng-results ignored="0" total="3" passed="3" failed="0" skipped="0">
  <reporter-output>
  </reporter-output>
  <suite started-at="2023-01-16T19:09:07 EST" name="Default suite" finished-at="2023-01-16T19:09:11 EST" duration-ms="3837">
    <groups>
    </groups>
    <test started-at="2023-01-16T19:09:07 EST" name="Default test" finished-at="2023-01-16T19:09:11 EST" duration-ms="3837">
      <class name="DinamicJson">
        <test-method signature="addBook(java.lang.String,java.lang.String)[pri:0, instance:DinamicJson@74751b3]" started-at="2023-01-16T19:09:07 EST" name="addBook" data-provider="BooksSet" finished-at="2023-01-16T19:09:10 EST" duration-ms="2528" status="PASS">
          <params>
            <param index="0">
              <value>
                <![CDATA[qwe]]>
              </value>
            </param>
            <param index="1">
              <value>
                <![CDATA[326]]>
              </value>
            </param>
          </params>
          <reporter-output>
          </reporter-output>
        </test-method> <!-- addBook -->
        <test-method signature="addBook(java.lang.String,java.lang.String)[pri:0, instance:DinamicJson@74751b3]" started-at="2023-01-16T19:09:10 EST" name="addBook" data-provider="BooksSet" finished-at="2023-01-16T19:09:10 EST" duration-ms="642" status="PASS">
          <params>
            <param index="0">
              <value>
                <![CDATA[asd]]>
              </value>
            </param>
            <param index="1">
              <value>
                <![CDATA[327]]>
              </value>
            </param>
          </params>
          <reporter-output>
          </reporter-output>
        </test-method> <!-- addBook -->
        <test-method signature="addBook(java.lang.String,java.lang.String)[pri:0, instance:DinamicJson@74751b3]" started-at="2023-01-16T19:09:10 EST" name="addBook" data-provider="BooksSet" finished-at="2023-01-16T19:09:11 EST" duration-ms="607" status="PASS">
          <params>
            <param index="0">
              <value>
                <![CDATA[zxc]]>
              </value>
            </param>
            <param index="1">
              <value>
                <![CDATA[328]]>
              </value>
            </param>
          </params>
          <reporter-output>
          </reporter-output>
        </test-method> <!-- addBook -->
      </class> <!-- DinamicJson -->
    </test> <!-- Default test -->
  </suite> <!-- Default suite -->
</testng-results>
